<?xml version="1.0" encoding="UTF-8"?>
<!-- Generated by org.testng.reporters.JUnitXMLReporter -->
<testsuite hostname="OSIT-L-0489" ignored="0" name="Command line test" tests="3" failures="0" timestamp="30 Apr 2018 08:37:04 GMT" time="0.045" errors="0">
  <testcase name="test" time="0.009" classname="com.TestNGFramework.Test1"/>
  <testcase name="test" time="0.0" classname="com.TestNGFramework.Test2"/>
  <testcase name="test" time="0.0" classname="com.TestNGFramework.Test3"/>
</testsuite> <!-- Command line test -->
